<?xml version="1.0" encoding="UTF-8"?>
<testng-results ignored="42" total="43" passed="0" failed="1" skipped="0">
  <reporter-output>
    <line>
      <![CDATA[BaseClass]]>
    </line>
  </reporter-output>
  <suite started-at="2023-10-09T10:41:35 IST" name="Command line suite" finished-at="2023-10-09T10:44:51 IST" duration-ms="196304">
    <groups>
      <group name="M">
        <method signature="MachineTest.machineCRUD()[pri:0, instance:io.mosip.testrig.adminui.testcase.MachineTest@3de56885]" name="machineCRUD" class="io.mosip.testrig.adminui.testcase.MachineTest"/>
      </group> <!-- M -->
    </groups>
    <test started-at="2023-10-09T10:41:35 IST" name="Command line test" finished-at="2023-10-09T10:44:51 IST" duration-ms="196304">
      <class name="io.mosip.testrig.adminui.testcase.CenterTest">
        <test-method is-config="true" signature="set()[pri:0, instance:io.mosip.testrig.adminui.testcase.CenterTest@4e8d9bb6]" started-at="2023-10-09T10:41:35 IST" name="set" finished-at="2023-10-09T10:41:35 IST" duration-ms="116" status="PASS">
          <reporter-output>
          </reporter-output>
        </test-method> <!-- set -->
        <test-method is-config="true" signature="pushFileToS3()[pri:0, instance:io.mosip.testrig.adminui.testcase.CenterTest@4e8d9bb6]" started-at="2023-10-09T10:44:51 IST" name="pushFileToS3" finished-at="2023-10-09T10:44:51 IST" duration-ms="2" status="PASS">
          <reporter-output>
          </reporter-output>
        </test-method> <!-- pushFileToS3 -->
      </class> <!-- io.mosip.testrig.adminui.testcase.CenterTest -->
      <class name="io.mosip.testrig.adminui.testcase.MachineTest">
        <test-method is-config="true" signature="set()[pri:0, instance:io.mosip.testrig.adminui.testcase.MachineTest@3de56885]" started-at="2023-10-09T10:41:35 IST" name="set" finished-at="2023-10-09T10:41:35 IST" duration-ms="0" status="PASS">
          <reporter-output>
          </reporter-output>
        </test-method> <!-- set -->
        <test-method is-config="true" signature="setUp()[pri:0, instance:io.mosip.testrig.adminui.testcase.MachineTest@3de56885]" started-at="2023-10-09T10:41:35 IST" name="setUp" finished-at="2023-10-09T10:41:43 IST" duration-ms="8341" status="PASS">
          <reporter-output>
            <line>
              <![CDATA[BaseClass]]>
            </line>
          </reporter-output>
        </test-method> <!-- setUp -->
        <test-method signature="machineCRUD()[pri:0, instance:io.mosip.testrig.adminui.testcase.MachineTest@3de56885]" started-at="2023-10-09T10:41:43 IST" name="machineCRUD" finished-at="2023-10-09T10:44:51 IST" duration-ms="187404" status="FAIL">
          <exception class="org.openqa.selenium.NoSuchElementException">
            <message>
              <![CDATA[no such element: Unable to locate element: {"method":"css selector","selector":"#ellipsis\-button0"}
  (Session info: chrome=117.0.5938.149)
For documentation on this error, please visit: https://www.seleniumhq.org/exceptions/no_such_element.html
Build info: version: '3.141.59', revision: 'e82be7d358', time: '2018-11-14T08:17:03'
System info: host: 'TECHNO-531', ip: '192.168.254.118', os.name: 'Windows 10', os.arch: 'amd64', os.version: '10.0', java.version: '17.0.5'
Driver info: org.openqa.selenium.chrome.ChromeDriver
Capabilities {acceptInsecureCerts: false, browserName: chrome, browserVersion: 117.0.5938.149, chrome: {chromedriverVersion: 116.0.5845.96 (1a3918166880..., userDataDir: C:\Users\KIRUTH~1.M\AppData...}, fedcm:accounts: true, goog:chromeOptions: {debuggerAddress: localhost:61677}, javascriptEnabled: true, networkConnectionEnabled: false, pageLoadStrategy: normal, platform: WINDOWS, platformName: WINDOWS, proxy: Proxy(), setWindowRect: true, strictFileInteractability: false, timeouts: {implicit: 0, pageLoad: 300000, script: 30000}, unhandledPromptBehavior: dismiss and notify, webauthn:extension:credBlob: true, webauthn:extension:largeBlob: true, webauthn:extension:minPinLength: true, webauthn:extension:prf: true, webauthn:virtualAuthenticators: true}
Session ID: 7241e8fc9e9d09464c22f6248a90d9cd
*** Element info: {Using=id, value=ellipsis-button0}]]>
            </message>
            <full-stacktrace>
              <![CDATA[org.openqa.selenium.NoSuchElementException: no such element: Unable to locate element: {"method":"css selector","selector":"#ellipsis\-button0"}
  (Session info: chrome=117.0.5938.149)
For documentation on this error, please visit: https://www.seleniumhq.org/exceptions/no_such_element.html
Build info: version: '3.141.59', revision: 'e82be7d358', time: '2018-11-14T08:17:03'
System info: host: 'TECHNO-531', ip: '192.168.254.118', os.name: 'Windows 10', os.arch: 'amd64', os.version: '10.0', java.version: '17.0.5'
Driver info: org.openqa.selenium.chrome.ChromeDriver
Capabilities {acceptInsecureCerts: false, browserName: chrome, browserVersion: 117.0.5938.149, chrome: {chromedriverVersion: 116.0.5845.96 (1a3918166880..., userDataDir: C:\Users\KIRUTH~1.M\AppData...}, fedcm:accounts: true, goog:chromeOptions: {debuggerAddress: localhost:61677}, javascriptEnabled: true, networkConnectionEnabled: false, pageLoadStrategy: normal, platform: WINDOWS, platformName: WINDOWS, proxy: Proxy(), setWindowRect: true, strictFileInteractability: false, timeouts: {implicit: 0, pageLoad: 300000, script: 30000}, unhandledPromptBehavior: dismiss and notify, webauthn:extension:credBlob: true, webauthn:extension:largeBlob: true, webauthn:extension:minPinLength: true, webauthn:extension:prf: true, webauthn:virtualAuthenticators: true}
Session ID: 7241e8fc9e9d09464c22f6248a90d9cd
*** Element info: {Using=id, value=ellipsis-button0}
at java.base/jdk.internal.reflect.NativeConstructorAccessorImpl.newInstance0(Native Method)
at java.base/jdk.internal.reflect.NativeConstructorAccessorImpl.newInstance(NativeConstructorAccessorImpl.java:77)
at java.base/jdk.internal.reflect.DelegatingConstructorAccessorImpl.newInstance(DelegatingConstructorAccessorImpl.java:45)
at java.base/java.lang.reflect.Constructor.newInstanceWithCaller(Constructor.java:499)
at java.base/java.lang.reflect.Constructor.newInstance(Constructor.java:480)
at org.openqa.selenium.remote.http.W3CHttpResponseCodec.createException(W3CHttpResponseCodec.java:187)
at org.openqa.selenium.remote.http.W3CHttpResponseCodec.decode(W3CHttpResponseCodec.java:122)
at org.openqa.selenium.remote.http.W3CHttpResponseCodec.decode(W3CHttpResponseCodec.java:49)
at org.openqa.selenium.remote.HttpCommandExecutor.execute(HttpCommandExecutor.java:158)
at org.openqa.selenium.remote.service.DriverCommandExecutor.execute(DriverCommandExecutor.java:83)
at org.openqa.selenium.remote.RemoteWebDriver.execute(RemoteWebDriver.java:552)
at org.openqa.selenium.remote.RemoteWebDriver.findElement(RemoteWebDriver.java:323)
at org.openqa.selenium.remote.RemoteWebDriver.findElementById(RemoteWebDriver.java:372)
at org.openqa.selenium.By$ById.findElement(By.java:188)
at org.openqa.selenium.remote.RemoteWebDriver.findElement(RemoteWebDriver.java:315)
at io.mosip.testrig.adminui.utility.Commons.click(Commons.java:90)
at io.mosip.testrig.adminui.utility.Commons.activate(Commons.java:290)
at io.mosip.testrig.adminui.testcase.MachineTest.machineCRUD(MachineTest.java:68)
at java.base/jdk.internal.reflect.NativeMethodAccessorImpl.invoke0(Native Method)
at java.base/jdk.internal.reflect.NativeMethodAccessorImpl.invoke(NativeMethodAccessorImpl.java:77)
at java.base/jdk.internal.reflect.DelegatingMethodAccessorImpl.invoke(DelegatingMethodAccessorImpl.java:43)
at java.base/java.lang.reflect.Method.invoke(Method.java:568)
at org.testng.internal.MethodInvocationHelper.invokeMethod(MethodInvocationHelper.java:134)
at org.testng.internal.TestInvoker.invokeMethod(TestInvoker.java:597)
at org.testng.internal.TestInvoker.invokeTestMethod(TestInvoker.java:173)
at org.testng.internal.MethodRunner.runInSequence(MethodRunner.java:46)
at org.testng.internal.TestInvoker$MethodInvocationAgent.invoke(TestInvoker.java:816)
at org.testng.internal.TestInvoker.invokeTestMethods(TestInvoker.java:146)
at org.testng.internal.TestMethodWorker.invokeTestMethods(TestMethodWorker.java:146)
at org.testng.internal.TestMethodWorker.run(TestMethodWorker.java:128)
at java.base/java.util.ArrayList.forEach(ArrayList.java:1511)
at org.testng.TestRunner.privateRun(TestRunner.java:766)
at org.testng.TestRunner.run(TestRunner.java:587)
at org.testng.SuiteRunner.runTest(SuiteRunner.java:384)
at org.testng.SuiteRunner.runSequentially(SuiteRunner.java:378)
at org.testng.SuiteRunner.privateRun(SuiteRunner.java:337)
at org.testng.SuiteRunner.run(SuiteRunner.java:286)
at org.testng.SuiteRunnerWorker.runSuite(SuiteRunnerWorker.java:53)
at org.testng.SuiteRunnerWorker.run(SuiteRunnerWorker.java:96)
at org.testng.TestNG.runSuitesSequentially(TestNG.java:1187)
at org.testng.TestNG.runSuitesLocally(TestNG.java:1109)
at org.testng.TestNG.runSuites(TestNG.java:1039)
at org.testng.TestNG.run(TestNG.java:1007)
at io.mosip.testrig.adminui.utility.TestRunner.startTestRunner(TestRunner.java:99)
at io.mosip.testrig.adminui.utility.TestRunner.main(TestRunner.java:66)
]]>
            </full-stacktrace>
          </exception> <!-- org.openqa.selenium.NoSuchElementException -->
          <reporter-output>
          </reporter-output>
        </test-method> <!-- machineCRUD -->
        <test-method is-config="true" signature="tearDown()[pri:0, instance:io.mosip.testrig.adminui.testcase.MachineTest@3de56885]" started-at="2023-10-09T10:44:51 IST" name="tearDown" finished-at="2023-10-09T10:44:51 IST" duration-ms="539" status="PASS">
          <reporter-output>
          </reporter-output>
        </test-method> <!-- tearDown -->
      </class> <!-- io.mosip.testrig.adminui.testcase.MachineTest -->
    </test> <!-- Command line test -->
  </suite> <!-- Command line suite -->
</testng-results>
